<?xml version="1.0" encoding="UTF-8"?>
<!-- Generated by org.testng.reporters.JUnitXMLReporter -->
<testsuite hostname="amit" ignored="0" name="Test" tests="2" failures="0" timestamp="20 Oct 2018 17:55:14 GMT" time="3.291" errors="0">
  <testcase name="@BeforeClass openBroswer" time="0.0" classname="BrowserSetUp.ConfigBrowser">
    <failure type="org.testng.TestNGException" message="
Parameter &amp;apos;browser&amp;apos; is required by BeforeClass on method openBroswer but has not been marked @Optional or defined
in D:\WiproFramework\SalesforceFramework\testng.xml">
      <![CDATA[org.testng.TestNGException: 
Parameter 'browser' is required by BeforeClass on method openBroswer but has not been marked @Optional or defined
in D:\WiproFramework\SalesforceFramework\testng.xml
... Removed 22 stack frames]]>
    </failure>
  </testcase> <!-- @BeforeClass openBroswer -->
  <testcase name="@AfterClass teardown" time="0.0" classname="BrowserSetUp.ConfigBrowser">
    <skipped/>
  </testcase> <!-- @AfterClass teardown -->
  <testcase name="@BeforeClass openBroswer" time="0.0" classname="BrowserSetUp.ConfigBrowser">
    <skipped/>
  </testcase> <!-- @BeforeClass openBroswer -->
  <testcase name="@AfterClass teardown" time="0.0" classname="BrowserSetUp.ConfigBrowser">
    <skipped/>
  </testcase> <!-- @AfterClass teardown -->
  <testcase name="CaseCreation" time="0.001" classname="TestCase.CaseCreationTest">
    <skipped/>
  </testcase> <!-- CaseCreation -->
  <testcase name="LoginTest" time="0.0" classname="TestCase.LoginPageTest">
    <skipped/>
  </testcase> <!-- LoginTest -->
</testsuite> <!-- Test -->
